<?xml version="1.0" encoding="UTF-8"?>
<!-- Generated by org.testng.reporters.JUnitReportReporter -->
<testsuite hostname="infenix-PC" failures="0" tests="11" name="almosafer.almosaferTestCases" time="24.928" errors="0" timestamp="2024-07-22T15:36:26 EET" skipped="0">
  <testcase classname="almosafer.almosaferTestCases" name="verificationLanguageDefault" time="0.042"/>
  <system-out/>
  <testcase classname="almosafer.almosaferTestCases" name="verificationCurrencyDefault" time="0.032"/>
  <system-out/>
  <testcase classname="almosafer.almosaferTestCases" name="verificationContactNumber" time="0.022"/>
  <system-out/>
  <testcase classname="almosafer.almosaferTestCases" name="checkLogoQetafIsDeispled" time="0.139"/>
  <system-out/>
  <testcase classname="almosafer.almosaferTestCases" name="checkFromNotChoesesHotelTap" time="0.025"/>
  <system-out/>
  <testcase classname="almosafer.almosaferTestCases" name="checkFlightDeparturAndReturn" time="0.059"/>
  <system-out/>
  <testcase classname="almosafer.almosaferTestCases" name="checkChangeTheLanguageTheWebSiteRandomly" time="3.360"/>
  <system-out/>
  <testcase classname="almosafer.almosaferTestCases" name="checkChangeTheSwitchHotelTapRandomly" time="0.302"/>
  <system-out/>
  <testcase classname="almosafer.almosaferTestCases" name="checkChangeRandomlyForPerson" time="3.993"/>
  <system-out/>
  <testcase classname="almosafer.almosaferTestCases" name="checkWaitToFullyParAPI" time="13.724"/>
  <system-out/>
  <testcase classname="almosafer.almosaferTestCases" name="checkSortLowstPrices" time="3.230"/>
  <system-out/>
</testsuite> <!-- almosafer.almosaferTestCases -->
